[ 2025-07-06 04:17:12 ] Removing doublets with scDblFinder... 
[ 2025-07-06 11:02:00 ] Removing doublets with scDblFinder... 
[ 2025-07-06 11:02:00 ] Extracting counts from Seurat v5 object for scDblFinder... 
[ 2025-07-06 11:05:23 ] Removing doublets with scDblFinder... 
[ 2025-07-06 11:05:23 ] Extracting counts from Seurat v5 object for scDblFinder... 
[ 2025-07-06 11:19:06 ] Removing doublets with scDblFinder... 
[ 2025-07-06 11:19:10 ] Extracting counts from Seurat v5 object for scDblFinder... 
[ 2025-07-06 12:11:15 ] Removing doublets with scDblFinder... 
[ 2025-07-06 12:11:15 ] Extracting counts from Seurat v5 object for scDblFinder... 
[ 2025-07-06 12:48:11 ] Removing doublets with scDblFinder... 
[ 2025-07-06 12:48:11 ] Extracting counts from Seurat v5 object for scDblFinder... 
[ 2025-07-06 13:18:21 ] Removing doublets with scDblFinder... 
[ 2025-07-06 13:18:21 ] Extracting counts from Seurat v5 object for scDblFinder... 
[ 2025-07-06 13:26:07 ] Removing doublets with scDblFinder... 
[ 2025-07-06 13:26:07 ] Extracting counts from Seurat v5 object for scDblFinder... 
[ 2025-07-06 13:37:04 ] Removing doublets with scDblFinder... 
[ 2025-07-06 13:37:04 ] Extracting counts from Seurat v5 object for scDblFinder... 
[ 2025-07-06 13:43:08 ] Removing doublets with scDblFinder... 
[ 2025-07-06 13:43:08 ] Extracting counts from Seurat v5 object for scDblFinder... 
[ 2025-07-06 13:59:26 ] Removing doublets with scDblFinder... 
[ 2025-07-06 13:59:26 ] Extracting counts from Seurat v5 object for scDblFinder... 
[ 2025-07-07 00:58:45 ] Removing doublets with scDblFinder... 
[ 2025-07-07 00:58:45 ] Extracting counts from Seurat v5 object for scDblFinder... 
[ 2025-07-07 01:14:01 ] Removing doublets with scDblFinder... 
[ 2025-07-07 01:14:01 ] Extracting counts from Seurat v5 object for scDblFinder... 
[ 2025-07-07 03:38:42 ] Found and removing 279233 doublets. 
[ 2025-07-07 03:39:31 ] Cells before doublet removal: 990640 | Cells after doublet removal: 711407 
[ 2025-07-07 15:34:55 ] Removing doublets with scDblFinder... 
[ 2025-07-07 15:34:55 ] Extracting counts from Seurat v5 object for scDblFinder.. 
[ 2025-07-07 17:51:59 ] Found and removing 280654 doublets. 
[ 2025-07-07 17:52:47 ] Cells before doublet removal: 990640 | Cells after doublet removal: 709986 
[ 2025-07-08 00:35:05 ] Removing doublets with scDblFinder... 
[ 2025-07-08 00:35:05 ] Extracting counts from Seurat v5 object for scDblFinder.. 
[ 2025-07-08 02:43:27 ] Found and removing 280654 doublets. 
[ 2025-07-08 02:44:13 ] Cells before doublet removal: 990640 | Cells after doublet removal: 709986 
