[2024-09-19 12:14:59] [INFO]    [OmnipathR] Welcome to OmnipathR!
[2024-09-19 12:14:59] [TRACE]   [OmnipathR] Reading JSON from `/home/vscode/.cache/OmnipathR/cache.json` (encoding: UTF-8).
[2024-09-19 12:14:59] [TRACE]   [OmnipathR] JSON validation successful: TRUE
[2024-09-19 12:14:59] [INFO]    [OmnipathR] Initialized cache: `/home/vscode/.cache/OmnipathR`.
[2024-09-19 12:14:59] [TRACE]   [OmnipathR] Reading JSON from `/usr/local/lib/R/site-library/OmnipathR/db/db_def.json` (encoding: UTF-8).
[2024-09-19 12:14:59] [TRACE]   [OmnipathR] JSON validation successful: TRUE
[2024-09-19 12:14:59] [TRACE]   [OmnipathR] Reading JSON from `/usr/local/lib/R/site-library/OmnipathR/internal/magic_bytes.json` (encoding: UTF-8).
[2024-09-19 12:14:59] [TRACE]   [OmnipathR] JSON validation successful: TRUE
[2024-09-19 12:14:59] [TRACE]   [OmnipathR] Reading JSON from `/usr/local/lib/R/site-library/OmnipathR/internal/urls.json` (encoding: UTF-8).
[2024-09-19 12:14:59] [TRACE]   [OmnipathR] JSON validation successful: TRUE
[2024-09-19 12:14:59] [TRACE]   [OmnipathR] Reading JSON from `/usr/local/lib/R/site-library/OmnipathR/internal/id_types.json` (encoding: UTF-8).
[2024-09-19 12:14:59] [TRACE]   [OmnipathR] JSON validation successful: TRUE
[2024-09-19 12:15:06] [TRACE]   [OmnipathR] Reading JSON from `https://omnipathdb.org/resources` (encoding: UTF-8).
[2024-09-19 12:15:06] [TRACE]   [OmnipathR] JSON validation successful: TRUE
[2024-09-19 12:15:06] [INFO]    [OmnipathR] Loading database `Ensembl and OMA organism names`.
[2024-09-19 12:15:06] [TRACE]   [OmnipathR] Reading JSON from `/home/vscode/.cache/OmnipathR/cache.json` (encoding: UTF-8).
[2024-09-19 12:15:06] [TRACE]   [OmnipathR] JSON validation successful: TRUE
[2024-09-19 12:15:06] [INFO]    [OmnipathR] Looking up in cache `https://www.ensembl.org/info/about/species.html`: key=7332486db7400730697234bad76ca0c8e4d00799, no version available.
[2024-09-19 12:15:06] [TRACE]   [OmnipathR] Reading JSON from `/home/vscode/.cache/OmnipathR/cache.json` (encoding: UTF-8).
[2024-09-19 12:15:06] [TRACE]   [OmnipathR] JSON validation successful: TRUE
[2024-09-19 12:15:06] [INFO]    [OmnipathR] Created new version for cache record 7332486db7400730697234bad76ca0c8e4d00799: version 1.
[2024-09-19 12:15:06] [TRACE]   [OmnipathR] Cache file path: /home/vscode/.cache/OmnipathR/7332486db7400730697234bad76ca0c8e4d00799-1.html
[2024-09-19 12:15:06] [INFO]    [OmnipathR] Retrieving URL: `https://www.ensembl.org/info/about/species.html`
[2024-09-19 12:15:07] [TRACE]   [OmnipathR] Attempt 1/3: `https://www.ensembl.org/info/about/species.html`
[2024-09-19 12:15:12] [TRACE]   [OmnipathR] HTTP 200
[2024-09-19 12:15:12] [INFO]    [OmnipathR] Download ready [key=7332486db7400730697234bad76ca0c8e4d00799, version=1]
[2024-09-19 12:15:12] [TRACE]   [OmnipathR] Reading JSON from `/home/vscode/.cache/OmnipathR/cache.json` (encoding: UTF-8).
[2024-09-19 12:15:12] [TRACE]   [OmnipathR] JSON validation successful: TRUE
[2024-09-19 12:15:12] [INFO]    [OmnipathR] Cache item `7332486db7400730697234bad76ca0c8e4d00799` version 1: status changed from `unknown` to `ready`.
[2024-09-19 12:15:12] [TRACE]   [OmnipathR] Looking up in cache: `https://omabrowser.org/All/oma-species.txt`.
[2024-09-19 12:15:12] [INFO]    [OmnipathR] Cache record does not exist: `https://omabrowser.org/All/oma-species.txt`
[2024-09-19 12:15:12] [TRACE]   [OmnipathR] Could not find in cache, initiating download: `https://omabrowser.org/All/oma-species.txt`.
[2024-09-19 12:15:12] [TRACE]   [OmnipathR] Reading JSON from `/home/vscode/.cache/OmnipathR/cache.json` (encoding: UTF-8).
[2024-09-19 12:15:12] [TRACE]   [OmnipathR] JSON validation successful: TRUE
[2024-09-19 12:15:12] [TRACE]   [OmnipathR] Reading JSON from `/home/vscode/.cache/OmnipathR/cache.json` (encoding: UTF-8).
[2024-09-19 12:15:12] [TRACE]   [OmnipathR] JSON validation successful: TRUE
[2024-09-19 12:15:12] [INFO]    [OmnipathR] Cache item `30e690cbb55dfc63b5903ab337f34ffc2f4be397` version 1: status changed from `unknown` to `started`.
[2024-09-19 12:15:12] [TRACE]   [OmnipathR] Exporting object to RDS: `/home/vscode/.cache/OmnipathR/30e690cbb55dfc63b5903ab337f34ffc2f4be397-1.rds`.
[2024-09-19 12:15:12] [INFO]    [OmnipathR] Retrieving URL: `https://omabrowser.org/All/oma-species.txt`
[2024-09-19 12:15:12] [TRACE]   [OmnipathR] Attempt 1/3: `https://omabrowser.org/All/oma-species.txt`
[2024-09-19 12:15:14] [TRACE]   [OmnipathR] Exported RDS to `/home/vscode/.cache/OmnipathR/30e690cbb55dfc63b5903ab337f34ffc2f4be397-1.rds`.
[2024-09-19 12:15:14] [INFO]    [OmnipathR] Download ready [key=30e690cbb55dfc63b5903ab337f34ffc2f4be397, version=1]
[2024-09-19 12:15:14] [TRACE]   [OmnipathR] Reading JSON from `/home/vscode/.cache/OmnipathR/cache.json` (encoding: UTF-8).
[2024-09-19 12:15:14] [TRACE]   [OmnipathR] JSON validation successful: TRUE
[2024-09-19 12:15:14] [INFO]    [OmnipathR] Cache item `30e690cbb55dfc63b5903ab337f34ffc2f4be397` version 1: status changed from `started` to `ready`.
[2024-09-19 12:15:14] [INFO]    [OmnipathR] Loaded database `Ensembl and OMA organism names`.
[2024-09-19 12:15:16] [TRACE]   [OmnipathR] Reading JSON from `https://omnipathdb.org/resources` (encoding: UTF-8).
[2024-09-19 12:15:16] [TRACE]   [OmnipathR] JSON validation successful: TRUE
[2024-09-19 12:15:16] [TRACE]   [OmnipathR] Looking up in cache: `https://omnipathdb.org/annotations?resources=MSigDB&license=academic`
[2024-09-19 12:15:16] [INFO]    [OmnipathR] Cache record does not exist: `https://omnipathdb.org/annotations?resources=MSigDB&license=academic`
[2024-09-19 12:15:16] [TRACE]   [OmnipathR] Looking up in cache: `http://no-tls.omnipathdb.org/annotations?resources=MSigDB&license=academic`
[2024-09-19 12:15:16] [INFO]    [OmnipathR] Cache record does not exist: `http://no-tls.omnipathdb.org/annotations?resources=MSigDB&license=academic`
[2024-09-19 12:15:16] [TRACE]   [OmnipathR] Attempting `https://omnipathdb.org/annotations?resources=MSigDB&license=academic`
[2024-09-19 12:15:16] [INFO]    [OmnipathR] Retrieving URL: `https://omnipathdb.org/annotations?resources=MSigDB&license=academic`
[2024-09-19 12:15:16] [TRACE]   [OmnipathR] Attempt 1/3: `https://omnipathdb.org/annotations?resources=MSigDB&license=academic`
[2024-09-19 12:17:19] [INFO]    [OmnipathR] Successfully retrieved: `https://omnipathdb.org/annotations?resources=MSigDB&license=academic`
[2024-09-19 12:17:19] [TRACE]   [OmnipathR] Reading JSON from `/home/vscode/.cache/OmnipathR/cache.json` (encoding: UTF-8).
[2024-09-19 12:17:19] [TRACE]   [OmnipathR] JSON validation successful: TRUE
[2024-09-19 12:17:19] [TRACE]   [OmnipathR] Reading JSON from `/home/vscode/.cache/OmnipathR/cache.json` (encoding: UTF-8).
[2024-09-19 12:17:19] [TRACE]   [OmnipathR] JSON validation successful: TRUE
[2024-09-19 12:17:19] [INFO]    [OmnipathR] Cache item `5cbd6eef07085d333f425bc50fb18bf52c2a140d` version 1: status changed from `unknown` to `started`.
[2024-09-19 12:17:19] [TRACE]   [OmnipathR] Exporting object to RDS: `/home/vscode/.cache/OmnipathR/5cbd6eef07085d333f425bc50fb18bf52c2a140d-1.rds`.
[2024-09-19 12:17:49] [TRACE]   [OmnipathR] Exported RDS to `/home/vscode/.cache/OmnipathR/5cbd6eef07085d333f425bc50fb18bf52c2a140d-1.rds`.
[2024-09-19 12:17:49] [INFO]    [OmnipathR] Download ready [key=5cbd6eef07085d333f425bc50fb18bf52c2a140d, version=1]
[2024-09-19 12:17:49] [TRACE]   [OmnipathR] Reading JSON from `/home/vscode/.cache/OmnipathR/cache.json` (encoding: UTF-8).
[2024-09-19 12:17:49] [TRACE]   [OmnipathR] JSON validation successful: TRUE
[2024-09-19 12:17:49] [INFO]    [OmnipathR] Cache item `5cbd6eef07085d333f425bc50fb18bf52c2a140d` version 1: status changed from `started` to `ready`.
[2024-09-19 12:17:49] [SUCCESS] [OmnipathR] Downloaded 11044532 annotation records.
[2024-09-19 15:15:21] [TRACE]   [OmnipathR] Removing database `Ensembl and OMA organism names` (not used in the past 10800 seconds)
